  Main.cpp
C:\Users\user\Documents\GitHub\TickingTeaTime-reconstructed\HonkEngine\Engine\Code\Application.h(114,14): warning C4244: 'initializing': conversion from 'double' to 'float', possible loss of data
  (compiling source file 'Code/Main.cpp')
  
C:\Users\user\Documents\GitHub\TickingTeaTime-reconstructed\HonkEngine\Engine\Code\Application.h(115,14): warning C4244: 'initializing': conversion from 'double' to 'float', possible loss of data
  (compiling source file 'Code/Main.cpp')
  
C:\Users\user\Documents\GitHub\TickingTeaTime-reconstructed\HonkEngine\Engine\Code\Engine.h(24,8): warning C4099: 'Mesh': type name first seen using 'class' now seen using 'struct'
  (compiling source file 'Code/Main.cpp')
      C:\Users\user\Documents\GitHub\TickingTeaTime-reconstructed\HonkEngine\Engine\Code\Engine.h(24,8):
      see declaration of 'Mesh'
  
C:\Users\user\Documents\GitHub\TickingTeaTime-reconstructed\HonkEngine\Engine\Code\Text\TextRenderer.h(12,7): warning C4099: 'Mesh': type name first seen using 'struct' now seen using 'class'
  (compiling source file 'Code/Main.cpp')
      C:\Users\user\Documents\GitHub\TickingTeaTime-reconstructed\HonkEngine\Engine\Code\Engine.h(24,8):
      see declaration of 'Mesh'
  
C:\Users\user\Documents\GitHub\TickingTeaTime-reconstructed\HonkEngine\Engine\Code\GameObjects\Page.h(40,47): warning C4267: 'argument': conversion from 'size_t' to 'int', possible loss of data
  (compiling source file 'Code/Main.cpp')
  
C:\Users\user\Documents\GitHub\TickingTeaTime-reconstructed\HonkEngine\Engine\Code\GameObjects\MainPage.h(220,47): warning C4267: 'argument': conversion from 'size_t' to 'int', possible loss of data
  (compiling source file 'Code/Main.cpp')
  
C:\Users\user\Documents\GitHub\TickingTeaTime-reconstructed\HonkEngine\Engine\Code\GameObjects\Player.h(26,55): warning C4244: 'argument': conversion from 'int' to 'float', possible loss of data
  (compiling source file 'Code/Main.cpp')
  
C:\Users\user\Documents\GitHub\TickingTeaTime-reconstructed\HonkEngine\Engine\Code\GameObjects\Player.h(26,48): warning C4244: 'argument': conversion from 'int' to 'float', possible loss of data
  (compiling source file 'Code/Main.cpp')
  
C:\Users\user\Documents\GitHub\TickingTeaTime-reconstructed\HonkEngine\Engine\Code\GameObjects\BellManager.h(44,30): warning C4244: 'argument': conversion from 'float' to 'long', possible loss of data
  (compiling source file 'Code/Main.cpp')
  
C:\Users\user\Documents\GitHub\TickingTeaTime-reconstructed\HonkEngine\Engine\Code\GameObjects\Timer.h(114,20): warning C4244: 'return': conversion from '_Rep' to 'int', possible loss of data
C:\Users\user\Documents\GitHub\TickingTeaTime-reconstructed\HonkEngine\Engine\Code\GameObjects\Timer.h(114,20): warning C4244:         with
C:\Users\user\Documents\GitHub\TickingTeaTime-reconstructed\HonkEngine\Engine\Code\GameObjects\Timer.h(114,20): warning C4244:         [
C:\Users\user\Documents\GitHub\TickingTeaTime-reconstructed\HonkEngine\Engine\Code\GameObjects\Timer.h(114,20): warning C4244:             _Rep=__int64
C:\Users\user\Documents\GitHub\TickingTeaTime-reconstructed\HonkEngine\Engine\Code\GameObjects\Timer.h(114,20): warning C4244:         ]
  (compiling source file 'Code/Main.cpp')
  
C:\Users\user\Documents\GitHub\TickingTeaTime-reconstructed\HonkEngine\Engine\Code\Dialogue\DialogueManager.h(246,25): warning C4267: 'initializing': conversion from 'size_t' to 'int', possible loss of data
  (compiling source file 'Code/Main.cpp')
  
C:\Users\user\Documents\GitHub\TickingTeaTime-reconstructed\HonkEngine\Engine\Code\PopupWidget\OptionsMenu.h(23,27): warning C4305: 'argument': truncation from 'double' to 'float'
  (compiling source file 'Code/Main.cpp')
  
C:\Users\user\Documents\GitHub\TickingTeaTime-reconstructed\HonkEngine\Engine\Code\PopupWidget\OptionsMenu.h(78,33): warning C4305: 'argument': truncation from 'double' to 'float'
  (compiling source file 'Code/Main.cpp')
  
C:\Users\user\Documents\GitHub\TickingTeaTime-reconstructed\HonkEngine\Engine\Code\PopupWidget\OptionsMenu.h(85,31): warning C4305: 'argument': truncation from 'double' to 'float'
  (compiling source file 'Code/Main.cpp')
  
C:\Users\user\Documents\GitHub\TickingTeaTime-reconstructed\HonkEngine\Engine\Code\PopupWidget\ExitMenu.h(26,34): warning C4305: 'argument': truncation from 'double' to 'float'
  (compiling source file 'Code/Main.cpp')
  
C:\Users\user\Documents\GitHub\TickingTeaTime-reconstructed\HonkEngine\Engine\Code\PopupWidget\ExitMenu.h(33,29): warning C4305: 'argument': truncation from 'double' to 'float'
  (compiling source file 'Code/Main.cpp')
  
C:\Users\user\Documents\GitHub\TickingTeaTime-reconstructed\HonkEngine\Engine\Code\PopupWidget\BackToMainMenu.h(31,34): warning C4305: 'argument': truncation from 'double' to 'float'
  (compiling source file 'Code/Main.cpp')
  
C:\Users\user\Documents\GitHub\TickingTeaTime-reconstructed\HonkEngine\Engine\Code\PopupWidget\BackToMainMenu.h(38,29): warning C4305: 'argument': truncation from 'double' to 'float'
  (compiling source file 'Code/Main.cpp')
  
C:\Users\user\Documents\GitHub\TickingTeaTime-reconstructed\HonkEngine\Engine\Code\PopupWidget\PauseMenu.h(28,37): warning C4305: 'argument': truncation from 'double' to 'float'
  (compiling source file 'Code/Main.cpp')
  
C:\Users\user\Documents\GitHub\TickingTeaTime-reconstructed\HonkEngine\Engine\Code\PopupWidget\PauseMenu.h(35,36): warning C4305: 'argument': truncation from 'double' to 'float'
  (compiling source file 'Code/Main.cpp')
  
C:\Users\user\Documents\GitHub\TickingTeaTime-reconstructed\HonkEngine\Engine\Code\PopupWidget\PauseMenu.h(42,37): warning C4305: 'argument': truncation from 'double' to 'float'
  (compiling source file 'Code/Main.cpp')
  
C:\Users\user\Documents\GitHub\TickingTeaTime-reconstructed\HonkEngine\Engine\Code\PopupWidget\PauseMenu.h(49,37): warning C4305: 'argument': truncation from 'double' to 'float'
  (compiling source file 'Code/Main.cpp')
  
C:\Users\user\Documents\GitHub\TickingTeaTime-reconstructed\HonkEngine\Engine\Code\Scene\Hallway.h(522,26): warning C4244: 'argument': conversion from 'long' to 'float', possible loss of data
  (compiling source file 'Code/Main.cpp')
  
C:\Users\user\Documents\GitHub\TickingTeaTime-reconstructed\HonkEngine\Engine\Code\Scene\Room3.h(55,19): warning C4244: 'argument': conversion from 'time_t' to 'unsigned int', possible loss of data
  (compiling source file 'Code/Main.cpp')
  
C:\Users\user\Documents\GitHub\TickingTeaTime-reconstructed\HonkEngine\Engine\Code\Scene\Kitchen.h(175,13): warning C4305: 'initializing': truncation from 'double' to 'float'
  (compiling source file 'Code/Main.cpp')
  
C:\Users\user\Documents\GitHub\TickingTeaTime-reconstructed\HonkEngine\Engine\Code\Scene\Kitchen.h(416,26): warning C4244: 'argument': conversion from 'long' to 'float', possible loss of data
  (compiling source file 'Code/Main.cpp')
  
C:\Users\user\Documents\GitHub\TickingTeaTime-reconstructed\HonkEngine\Engine\Code\Scene\MainMenu.h(38,37): warning C4305: 'argument': truncation from 'double' to 'float'
  (compiling source file 'Code/Main.cpp')
  
C:\Users\user\Documents\GitHub\TickingTeaTime-reconstructed\HonkEngine\Engine\Code\Scene\MainMenu.h(47,33): warning C4305: 'argument': truncation from 'double' to 'float'
  (compiling source file 'Code/Main.cpp')
  
C:\Users\user\Documents\GitHub\TickingTeaTime-reconstructed\HonkEngine\Engine\Code\Scene\MainMenu.h(56,36): warning C4305: 'argument': truncation from 'double' to 'float'
  (compiling source file 'Code/Main.cpp')
  
C:\Users\user\Documents\GitHub\TickingTeaTime-reconstructed\HonkEngine\Engine\Code\Scene\MainMenu.h(65,33): warning C4305: 'argument': truncation from 'double' to 'float'
  (compiling source file 'Code/Main.cpp')
  
C:\Users\user\Documents\GitHub\TickingTeaTime-reconstructed\HonkEngine\Engine\Code\PopupWidget\SubmitMenu.h(26,36): warning C4305: 'argument': truncation from 'double' to 'float'
  (compiling source file 'Code/Main.cpp')
  
C:\Users\user\Documents\GitHub\TickingTeaTime-reconstructed\HonkEngine\Engine\Code\PopupWidget\SubmitMenu.h(33,29): warning C4305: 'argument': truncation from 'double' to 'float'
  (compiling source file 'Code/Main.cpp')
  
  JournalSaveSystem.cpp
C:\Users\user\Documents\GitHub\TickingTeaTime-reconstructed\HonkEngine\Engine\Code\Application.h(114,14): warning C4244: 'initializing': conversion from 'double' to 'float', possible loss of data
  (compiling source file 'Code/SaveSystem/JournalSaveSystem.cpp')
  
C:\Users\user\Documents\GitHub\TickingTeaTime-reconstructed\HonkEngine\Engine\Code\Application.h(115,14): warning C4244: 'initializing': conversion from 'double' to 'float', possible loss of data
  (compiling source file 'Code/SaveSystem/JournalSaveSystem.cpp')
  
C:\Users\user\Documents\GitHub\TickingTeaTime-reconstructed\HonkEngine\Engine\Code\Engine.h(24,8): warning C4099: 'Mesh': type name first seen using 'class' now seen using 'struct'
  (compiling source file 'Code/SaveSystem/JournalSaveSystem.cpp')
      C:\Users\user\Documents\GitHub\TickingTeaTime-reconstructed\HonkEngine\Engine\Code\Engine.h(24,8):
      see declaration of 'Mesh'
  
C:\Users\user\Documents\GitHub\TickingTeaTime-reconstructed\HonkEngine\Engine\Code\GameObjects\BellManager.h(44,30): warning C4244: 'argument': conversion from 'float' to 'long', possible loss of data
  (compiling source file 'Code/SaveSystem/JournalSaveSystem.cpp')
  
C:\Users\user\Documents\GitHub\TickingTeaTime-reconstructed\HonkEngine\Engine\Code\Dialogue\DialogueManager.h(246,25): warning C4267: 'initializing': conversion from 'size_t' to 'int', possible loss of data
  (compiling source file 'Code/SaveSystem/JournalSaveSystem.cpp')
  
C:\Users\user\Documents\GitHub\TickingTeaTime-reconstructed\HonkEngine\Engine\Code\GameObjects\Timer.h(114,20): warning C4244: 'return': conversion from '_Rep' to 'int', possible loss of data
C:\Users\user\Documents\GitHub\TickingTeaTime-reconstructed\HonkEngine\Engine\Code\GameObjects\Timer.h(114,20): warning C4244:         with
C:\Users\user\Documents\GitHub\TickingTeaTime-reconstructed\HonkEngine\Engine\Code\GameObjects\Timer.h(114,20): warning C4244:         [
C:\Users\user\Documents\GitHub\TickingTeaTime-reconstructed\HonkEngine\Engine\Code\GameObjects\Timer.h(114,20): warning C4244:             _Rep=__int64
C:\Users\user\Documents\GitHub\TickingTeaTime-reconstructed\HonkEngine\Engine\Code\GameObjects\Timer.h(114,20): warning C4244:         ]
  (compiling source file 'Code/SaveSystem/JournalSaveSystem.cpp')
  
  Generating Code...
JournalSaveSystem.obj : error LNK2005: "enum Cabin __cdecl GetCabinFromString(class std::basic_string<char,struct std::char_traits<char>,class std::allocator<char> > const &)" (?GetCabinFromString@@YA?AW4Cabin@@AEBV?$basic_string@DU?$char_traits@D@std@@V?$allocator@D@2@@std@@@Z) already defined in Main.obj
JournalSaveSystem.obj : error LNK2005: "class std::basic_string<char,struct std::char_traits<char>,class std::allocator<char> > __cdecl gameStateNameToDoorName(enum GameState)" (?gameStateNameToDoorName@@YA?AV?$basic_string@DU?$char_traits@D@std@@V?$allocator@D@2@@std@@W4GameState@@@Z) already defined in Main.obj
JournalSaveSystem.obj : error LNK2005: "private: static class KitchenData * KitchenData::instance" (?instance@KitchenData@@0PEAV1@EA) already defined in Main.obj
JournalSaveSystem.obj : error LNK2005: "private: static class GameStateManager * GameStateManager::instance" (?instance@GameStateManager@@0PEAV1@EA) already defined in Main.obj
glfw3.lib(init.obj) : warning LNK4099: PDB 'glfw3.pdb' was not found with 'glfw3.lib(init.obj)' or at 'C:\Users\user\Documents\GitHub\TickingTeaTime-reconstructed\HonkEngine\x64\Debug\glfw3.pdb'; linking object as if no debug info
glfw3.lib(monitor.obj) : warning LNK4099: PDB 'glfw3.pdb' was not found with 'glfw3.lib(monitor.obj)' or at 'C:\Users\user\Documents\GitHub\TickingTeaTime-reconstructed\HonkEngine\x64\Debug\glfw3.pdb'; linking object as if no debug info
glfw3.lib(window.obj) : warning LNK4099: PDB 'glfw3.pdb' was not found with 'glfw3.lib(window.obj)' or at 'C:\Users\user\Documents\GitHub\TickingTeaTime-reconstructed\HonkEngine\x64\Debug\glfw3.pdb'; linking object as if no debug info
glfw3.lib(input.obj) : warning LNK4099: PDB 'glfw3.pdb' was not found with 'glfw3.lib(input.obj)' or at 'C:\Users\user\Documents\GitHub\TickingTeaTime-reconstructed\HonkEngine\x64\Debug\glfw3.pdb'; linking object as if no debug info
glfw3.lib(context.obj) : warning LNK4099: PDB 'glfw3.pdb' was not found with 'glfw3.lib(context.obj)' or at 'C:\Users\user\Documents\GitHub\TickingTeaTime-reconstructed\HonkEngine\x64\Debug\glfw3.pdb'; linking object as if no debug info
glfw3.lib(win32_init.obj) : warning LNK4099: PDB 'glfw3.pdb' was not found with 'glfw3.lib(win32_init.obj)' or at 'C:\Users\user\Documents\GitHub\TickingTeaTime-reconstructed\HonkEngine\x64\Debug\glfw3.pdb'; linking object as if no debug info
glfw3.lib(win32_monitor.obj) : warning LNK4099: PDB 'glfw3.pdb' was not found with 'glfw3.lib(win32_monitor.obj)' or at 'C:\Users\user\Documents\GitHub\TickingTeaTime-reconstructed\HonkEngine\x64\Debug\glfw3.pdb'; linking object as if no debug info
glfw3.lib(win32_time.obj) : warning LNK4099: PDB 'glfw3.pdb' was not found with 'glfw3.lib(win32_time.obj)' or at 'C:\Users\user\Documents\GitHub\TickingTeaTime-reconstructed\HonkEngine\x64\Debug\glfw3.pdb'; linking object as if no debug info
glfw3.lib(win32_thread.obj) : warning LNK4099: PDB 'glfw3.pdb' was not found with 'glfw3.lib(win32_thread.obj)' or at 'C:\Users\user\Documents\GitHub\TickingTeaTime-reconstructed\HonkEngine\x64\Debug\glfw3.pdb'; linking object as if no debug info
glfw3.lib(vulkan.obj) : warning LNK4099: PDB 'glfw3.pdb' was not found with 'glfw3.lib(vulkan.obj)' or at 'C:\Users\user\Documents\GitHub\TickingTeaTime-reconstructed\HonkEngine\x64\Debug\glfw3.pdb'; linking object as if no debug info
glfw3.lib(win32_window.obj) : warning LNK4099: PDB 'glfw3.pdb' was not found with 'glfw3.lib(win32_window.obj)' or at 'C:\Users\user\Documents\GitHub\TickingTeaTime-reconstructed\HonkEngine\x64\Debug\glfw3.pdb'; linking object as if no debug info
glfw3.lib(win32_joystick.obj) : warning LNK4099: PDB 'glfw3.pdb' was not found with 'glfw3.lib(win32_joystick.obj)' or at 'C:\Users\user\Documents\GitHub\TickingTeaTime-reconstructed\HonkEngine\x64\Debug\glfw3.pdb'; linking object as if no debug info
glfw3.lib(wgl_context.obj) : warning LNK4099: PDB 'glfw3.pdb' was not found with 'glfw3.lib(wgl_context.obj)' or at 'C:\Users\user\Documents\GitHub\TickingTeaTime-reconstructed\HonkEngine\x64\Debug\glfw3.pdb'; linking object as if no debug info
glfw3.lib(egl_context.obj) : warning LNK4099: PDB 'glfw3.pdb' was not found with 'glfw3.lib(egl_context.obj)' or at 'C:\Users\user\Documents\GitHub\TickingTeaTime-reconstructed\HonkEngine\x64\Debug\glfw3.pdb'; linking object as if no debug info
glfw3.lib(osmesa_context.obj) : warning LNK4099: PDB 'glfw3.pdb' was not found with 'glfw3.lib(osmesa_context.obj)' or at 'C:\Users\user\Documents\GitHub\TickingTeaTime-reconstructed\HonkEngine\x64\Debug\glfw3.pdb'; linking object as if no debug info
MSVCRTD.lib(exe_main.obj) : error LNK2019: unresolved external symbol main referenced in function "int __cdecl invoke_main(void)" (?invoke_main@@YAHXZ)
C:\Users\user\Documents\GitHub\TickingTeaTime-reconstructed\HonkEngine\x64\Debug\Engine.exe : fatal error LNK1120: 1 unresolved externals
